<?xml version="1.0" encoding="UTF-8"?>
<!-- Generated by org.testng.reporters.JUnitReportReporter -->
<testsuite skipped="0" hostname="DESKTOP-K2D5D06" name="Santshsrasgn.Linksofwebpage_alternate_even" tests="1" failures="0" timestamp="11 Mar 2024 02:28:07 GMT" time="2.924" errors="1">
  <testcase name="href" time="2.924" classname="Santshsrasgn.Linksofwebpage_alternate_even">
    <error type="org.openqa.selenium.SessionNotCreatedException" message="session not created: This version of ChromeDriver only supports Chrome version 120
Current browser version is 122.0.6261.112 with binary path C:\Program Files (x86)\Google\Chrome\Application\chrome.exe
Build info: version: &#039;3.141.59&#039;, revision: &#039;e82be7d358&#039;, time: &#039;2018-11-14T08:25:53&#039;
System info: host: &#039;DESKTOP-K2D5D06&#039;, ip: &#039;192.168.1.5&#039;, os.name: &#039;Windows 10&#039;, os.arch: &#039;amd64&#039;, os.version: &#039;10.0&#039;, java.version: &#039;1.8.0_311&#039;
Driver info: driver.version: ChromeDriver
remote stacktrace: 	GetHandleVerifier [0x00007FF6E1C72142+3514994]
	(No symbol) [0x00007FF6E1890CE2]
	(No symbol) [0x00007FF6E17376AA]
	(No symbol) [0x00007FF6E17717E2]
	(No symbol) [0x00007FF6E1770ADD]
	(No symbol) [0x00007FF6E176B9DF]
	(No symbol) [0x00007FF6E1767F52]
	(No symbol) [0x00007FF6E17B0AB4]
	(No symbol) [0x00007FF6E17A5D93]
	(No symbol) [0x00007FF6E1774BDC]
	(No symbol) [0x00007FF6E1775C64]
	GetHandleVerifier [0x00007FF6E1C9E16B+3695259]
	GetHandleVerifier [0x00007FF6E1CF6737+4057191]
	GetHandleVerifier [0x00007FF6E1CEE4E3+4023827]
	GetHandleVerifier [0x00007FF6E19C04F9+689705]
	(No symbol) [0x00007FF6E189C048]
	(No symbol) [0x00007FF6E1898044]
	(No symbol) [0x00007FF6E18981C9]
	(No symbol) [0x00007FF6E18888C4]
	BaseThreadInitThunk [0x00007FFCFE3A2D92+34]
	RtlUserThreadStart [0x00007FFD003D9F64+52]
">
      <![CDATA[org.openqa.selenium.SessionNotCreatedException: session not created: This version of ChromeDriver only supports Chrome version 120
Current browser version is 122.0.6261.112 with binary path C:\Program Files (x86)\Google\Chrome\Application\chrome.exe
Build info: version: '3.141.59', revision: 'e82be7d358', time: '2018-11-14T08:25:53'
System info: host: 'DESKTOP-K2D5D06', ip: '192.168.1.5', os.name: 'Windows 10', os.arch: 'amd64', os.version: '10.0', java.version: '1.8.0_311'
Driver info: driver.version: ChromeDriver
remote stacktrace: GetHandleVerifier [0x00007FF6E1C72142+3514994]
(No symbol) [0x00007FF6E1890CE2]
(No symbol) [0x00007FF6E17376AA]
(No symbol) [0x00007FF6E17717E2]
(No symbol) [0x00007FF6E1770ADD]
(No symbol) [0x00007FF6E176B9DF]
(No symbol) [0x00007FF6E1767F52]
(No symbol) [0x00007FF6E17B0AB4]
(No symbol) [0x00007FF6E17A5D93]
(No symbol) [0x00007FF6E1774BDC]
(No symbol) [0x00007FF6E1775C64]
GetHandleVerifier [0x00007FF6E1C9E16B+3695259]
GetHandleVerifier [0x00007FF6E1CF6737+4057191]
GetHandleVerifier [0x00007FF6E1CEE4E3+4023827]
GetHandleVerifier [0x00007FF6E19C04F9+689705]
(No symbol) [0x00007FF6E189C048]
(No symbol) [0x00007FF6E1898044]
(No symbol) [0x00007FF6E18981C9]
(No symbol) [0x00007FF6E18888C4]
BaseThreadInitThunk [0x00007FFCFE3A2D92+34]
RtlUserThreadStart [0x00007FFD003D9F64+52]

at sun.reflect.NativeConstructorAccessorImpl.newInstance0(Native Method)
at sun.reflect.NativeConstructorAccessorImpl.newInstance(Unknown Source)
at sun.reflect.DelegatingConstructorAccessorImpl.newInstance(Unknown Source)
at java.lang.reflect.Constructor.newInstance(Unknown Source)
at org.openqa.selenium.remote.W3CHandshakeResponse.lambda$errorHandler$0(W3CHandshakeResponse.java:62)
at org.openqa.selenium.remote.HandshakeResponse.lambda$getResponseFunction$0(HandshakeResponse.java:30)
at org.openqa.selenium.remote.ProtocolHandshake.lambda$createSession$0(ProtocolHandshake.java:126)
at java.util.stream.ReferencePipeline$3$1.accept(Unknown Source)
at java.util.Spliterators$ArraySpliterator.tryAdvance(Unknown Source)
at java.util.stream.ReferencePipeline.forEachWithCancel(Unknown Source)
at java.util.stream.AbstractPipeline.copyIntoWithCancel(Unknown Source)
at java.util.stream.AbstractPipeline.copyInto(Unknown Source)
at java.util.stream.AbstractPipeline.wrapAndCopyInto(Unknown Source)
at java.util.stream.FindOps$FindOp.evaluateSequential(Unknown Source)
at java.util.stream.AbstractPipeline.evaluate(Unknown Source)
at java.util.stream.ReferencePipeline.findFirst(Unknown Source)
at org.openqa.selenium.remote.ProtocolHandshake.createSession(ProtocolHandshake.java:128)
at org.openqa.selenium.remote.ProtocolHandshake.createSession(ProtocolHandshake.java:74)
at org.openqa.selenium.remote.HttpCommandExecutor.execute(HttpCommandExecutor.java:136)
at org.openqa.selenium.remote.service.DriverCommandExecutor.execute(DriverCommandExecutor.java:83)
at org.openqa.selenium.remote.RemoteWebDriver.execute(RemoteWebDriver.java:552)
at org.openqa.selenium.remote.RemoteWebDriver.startSession(RemoteWebDriver.java:213)
at org.openqa.selenium.remote.RemoteWebDriver.<init>(RemoteWebDriver.java:131)
at org.openqa.selenium.chrome.ChromeDriver.<init>(ChromeDriver.java:181)
at org.openqa.selenium.chrome.ChromeDriver.<init>(ChromeDriver.java:168)
at org.openqa.selenium.chrome.ChromeDriver.<init>(ChromeDriver.java:123)
at Santshsrasgn.Linksofwebpage_alternate_even.href(Linksofwebpage_alternate_even.java:16)
at sun.reflect.NativeMethodAccessorImpl.invoke0(Native Method)
at sun.reflect.NativeMethodAccessorImpl.invoke(Unknown Source)
at sun.reflect.DelegatingMethodAccessorImpl.invoke(Unknown Source)
at java.lang.reflect.Method.invoke(Unknown Source)
at org.testng.internal.MethodInvocationHelper.invokeMethod(MethodInvocationHelper.java:124)
at org.testng.internal.Invoker.invokeMethod(Invoker.java:583)
at org.testng.internal.Invoker.invokeTestMethod(Invoker.java:719)
at org.testng.internal.Invoker.invokeTestMethods(Invoker.java:989)
at org.testng.internal.TestMethodWorker.invokeTestMethods(TestMethodWorker.java:125)
at org.testng.internal.TestMethodWorker.run(TestMethodWorker.java:109)
at org.testng.TestRunner.privateRun(TestRunner.java:648)
at org.testng.TestRunner.run(TestRunner.java:505)
at org.testng.SuiteRunner.runTest(SuiteRunner.java:455)
at org.testng.SuiteRunner.runSequentially(SuiteRunner.java:450)
at org.testng.SuiteRunner.privateRun(SuiteRunner.java:415)
at org.testng.SuiteRunner.run(SuiteRunner.java:364)
at org.testng.SuiteRunnerWorker.runSuite(SuiteRunnerWorker.java:52)
at org.testng.SuiteRunnerWorker.run(SuiteRunnerWorker.java:84)
at org.testng.TestNG.runSuitesSequentially(TestNG.java:1208)
at org.testng.TestNG.runSuitesLocally(TestNG.java:1137)
at org.testng.TestNG.runSuites(TestNG.java:1049)
at org.testng.TestNG.run(TestNG.java:1017)
at org.testng.remote.AbstractRemoteTestNG.run(AbstractRemoteTestNG.java:114)
at org.testng.remote.RemoteTestNG.initAndRun(RemoteTestNG.java:251)
at org.testng.remote.RemoteTestNG.main(RemoteTestNG.java:77)
]]>
    </error>
  </testcase> <!-- href -->
</testsuite> <!-- Santshsrasgn.Linksofwebpage_alternate_even -->
