<?xml version="1.0" encoding="UTF-8"?>
<testng-results skipped="2" failed="0" ignored="0" total="2" passed="0">
  <reporter-output>
  </reporter-output>
  <suite name="Default suite" duration-ms="6915" started-at="2024-03-08T13:24:21Z" finished-at="2024-03-08T13:24:28Z">
    <groups>
    </groups>
    <test name="Default test" duration-ms="6915" started-at="2024-03-08T13:24:21Z" finished-at="2024-03-08T13:24:28Z">
      <class name="Runner_FM.RUNNER_LOGIN">
        <test-method status="FAIL" signature="Openapp()[pri:0, instance:Runner_FM.RUNNER_LOGIN@271053e1]" name="Openapp" is-config="true" duration-ms="6819" started-at="2024-03-08T13:24:21Z" finished-at="2024-03-08T13:24:28Z">
          <exception class="org.openqa.selenium.SessionNotCreatedException">
            <message>
              <![CDATA[session not created: This version of ChromeDriver only supports Chrome version 120
Current browser version is 122.0.6261.70 with binary path C:\Program Files (x86)\Google\Chrome\Application\chrome.exe
Build info: version: '3.141.59', revision: 'e82be7d358', time: '2018-11-14T08:25:53'
System info: host: 'DESKTOP-K2D5D06', ip: '192.168.1.5', os.name: 'Windows 10', os.arch: 'amd64', os.version: '10.0', java.version: '1.8.0_311'
Driver info: driver.version: ChromeDriver
remote stacktrace: GetHandleVerifier [0x00007FF6822A2142+3514994]
(No symbol) [0x00007FF681EC0CE2]
(No symbol) [0x00007FF681D676AA]
(No symbol) [0x00007FF681DA17E2]
(No symbol) [0x00007FF681DA0ADD]
(No symbol) [0x00007FF681D9B9DF]
(No symbol) [0x00007FF681D97F52]
(No symbol) [0x00007FF681DE0AB4]
(No symbol) [0x00007FF681DD5D93]
(No symbol) [0x00007FF681DA4BDC]
(No symbol) [0x00007FF681DA5C64]
GetHandleVerifier [0x00007FF6822CE16B+3695259]
GetHandleVerifier [0x00007FF682326737+4057191]
GetHandleVerifier [0x00007FF68231E4E3+4023827]
GetHandleVerifier [0x00007FF681FF04F9+689705]
(No symbol) [0x00007FF681ECC048]
(No symbol) [0x00007FF681EC8044]
(No symbol) [0x00007FF681EC81C9]
(No symbol) [0x00007FF681EB88C4]
BaseThreadInitThunk [0x00007FFE80A02D92+34]
RtlUserThreadStart [0x00007FFE815B9F64+52]
]]>
            </message>
            <full-stacktrace>
              <![CDATA[org.openqa.selenium.SessionNotCreatedException: session not created: This version of ChromeDriver only supports Chrome version 120
Current browser version is 122.0.6261.70 with binary path C:\Program Files (x86)\Google\Chrome\Application\chrome.exe
Build info: version: '3.141.59', revision: 'e82be7d358', time: '2018-11-14T08:25:53'
System info: host: 'DESKTOP-K2D5D06', ip: '192.168.1.5', os.name: 'Windows 10', os.arch: 'amd64', os.version: '10.0', java.version: '1.8.0_311'
Driver info: driver.version: ChromeDriver
remote stacktrace: GetHandleVerifier [0x00007FF6822A2142+3514994]
(No symbol) [0x00007FF681EC0CE2]
(No symbol) [0x00007FF681D676AA]
(No symbol) [0x00007FF681DA17E2]
(No symbol) [0x00007FF681DA0ADD]
(No symbol) [0x00007FF681D9B9DF]
(No symbol) [0x00007FF681D97F52]
(No symbol) [0x00007FF681DE0AB4]
(No symbol) [0x00007FF681DD5D93]
(No symbol) [0x00007FF681DA4BDC]
(No symbol) [0x00007FF681DA5C64]
GetHandleVerifier [0x00007FF6822CE16B+3695259]
GetHandleVerifier [0x00007FF682326737+4057191]
GetHandleVerifier [0x00007FF68231E4E3+4023827]
GetHandleVerifier [0x00007FF681FF04F9+689705]
(No symbol) [0x00007FF681ECC048]
(No symbol) [0x00007FF681EC8044]
(No symbol) [0x00007FF681EC81C9]
(No symbol) [0x00007FF681EB88C4]
BaseThreadInitThunk [0x00007FFE80A02D92+34]
RtlUserThreadStart [0x00007FFE815B9F64+52]

at sun.reflect.NativeConstructorAccessorImpl.newInstance0(Native Method)
at sun.reflect.NativeConstructorAccessorImpl.newInstance(Unknown Source)
at sun.reflect.DelegatingConstructorAccessorImpl.newInstance(Unknown Source)
at java.lang.reflect.Constructor.newInstance(Unknown Source)
at org.openqa.selenium.remote.W3CHandshakeResponse.lambda$errorHandler$0(W3CHandshakeResponse.java:62)
at org.openqa.selenium.remote.HandshakeResponse.lambda$getResponseFunction$0(HandshakeResponse.java:30)
at org.openqa.selenium.remote.ProtocolHandshake.lambda$createSession$0(ProtocolHandshake.java:126)
at java.util.stream.ReferencePipeline$3$1.accept(Unknown Source)
at java.util.Spliterators$ArraySpliterator.tryAdvance(Unknown Source)
at java.util.stream.ReferencePipeline.forEachWithCancel(Unknown Source)
at java.util.stream.AbstractPipeline.copyIntoWithCancel(Unknown Source)
at java.util.stream.AbstractPipeline.copyInto(Unknown Source)
at java.util.stream.AbstractPipeline.wrapAndCopyInto(Unknown Source)
at java.util.stream.FindOps$FindOp.evaluateSequential(Unknown Source)
at java.util.stream.AbstractPipeline.evaluate(Unknown Source)
at java.util.stream.ReferencePipeline.findFirst(Unknown Source)
at org.openqa.selenium.remote.ProtocolHandshake.createSession(ProtocolHandshake.java:128)
at org.openqa.selenium.remote.ProtocolHandshake.createSession(ProtocolHandshake.java:74)
at org.openqa.selenium.remote.HttpCommandExecutor.execute(HttpCommandExecutor.java:136)
at org.openqa.selenium.remote.service.DriverCommandExecutor.execute(DriverCommandExecutor.java:83)
at org.openqa.selenium.remote.RemoteWebDriver.execute(RemoteWebDriver.java:552)
at org.openqa.selenium.remote.RemoteWebDriver.startSession(RemoteWebDriver.java:213)
at org.openqa.selenium.remote.RemoteWebDriver.<init>(RemoteWebDriver.java:131)
at org.openqa.selenium.chrome.ChromeDriver.<init>(ChromeDriver.java:181)
at org.openqa.selenium.chrome.ChromeDriver.<init>(ChromeDriver.java:168)
at org.openqa.selenium.chrome.ChromeDriver.<init>(ChromeDriver.java:123)
at Generic_FM_ANNOTATIONS.Baseclass.Openapp(Baseclass.java:14)
at sun.reflect.NativeMethodAccessorImpl.invoke0(Native Method)
at sun.reflect.NativeMethodAccessorImpl.invoke(Unknown Source)
at sun.reflect.DelegatingMethodAccessorImpl.invoke(Unknown Source)
at java.lang.reflect.Method.invoke(Unknown Source)
at org.testng.internal.MethodInvocationHelper.invokeMethod(MethodInvocationHelper.java:124)
at org.testng.internal.MethodInvocationHelper.invokeMethodConsideringTimeout(MethodInvocationHelper.java:59)
at org.testng.internal.Invoker.invokeConfigurationMethod(Invoker.java:458)
at org.testng.internal.Invoker.invokeConfigurations(Invoker.java:222)
at org.testng.internal.Invoker.invokeMethod(Invoker.java:523)
at org.testng.internal.Invoker.invokeTestMethod(Invoker.java:719)
at org.testng.internal.Invoker.invokeTestMethods(Invoker.java:989)
at org.testng.internal.TestMethodWorker.invokeTestMethods(TestMethodWorker.java:125)
at org.testng.internal.TestMethodWorker.run(TestMethodWorker.java:109)
at org.testng.TestRunner.privateRun(TestRunner.java:648)
at org.testng.TestRunner.run(TestRunner.java:505)
at org.testng.SuiteRunner.runTest(SuiteRunner.java:455)
at org.testng.SuiteRunner.runSequentially(SuiteRunner.java:450)
at org.testng.SuiteRunner.privateRun(SuiteRunner.java:415)
at org.testng.SuiteRunner.run(SuiteRunner.java:364)
at org.testng.SuiteRunnerWorker.runSuite(SuiteRunnerWorker.java:52)
at org.testng.SuiteRunnerWorker.run(SuiteRunnerWorker.java:84)
at org.testng.TestNG.runSuitesSequentially(TestNG.java:1208)
at org.testng.TestNG.runSuitesLocally(TestNG.java:1137)
at org.testng.TestNG.runSuites(TestNG.java:1049)
at org.testng.TestNG.run(TestNG.java:1017)
at org.testng.remote.AbstractRemoteTestNG.run(AbstractRemoteTestNG.java:114)
at org.testng.remote.RemoteTestNG.initAndRun(RemoteTestNG.java:251)
at org.testng.remote.RemoteTestNG.main(RemoteTestNG.java:77)
]]>
            </full-stacktrace>
          </exception> <!-- org.openqa.selenium.SessionNotCreatedException -->
          <reporter-output>
          </reporter-output>
        </test-method> <!-- Openapp -->
        <test-method status="SKIP" signature="login(java.lang.String, java.lang.String)[pri:0, instance:Runner_FM.RUNNER_LOGIN@271053e1]" name="login" duration-ms="0" started-at="2024-03-08T13:24:28Z" data-provider="test1" finished-at="2024-03-08T13:24:28Z">
          <exception class="org.openqa.selenium.SessionNotCreatedException">
            <message>
              <![CDATA[session not created: This version of ChromeDriver only supports Chrome version 120
Current browser version is 122.0.6261.70 with binary path C:\Program Files (x86)\Google\Chrome\Application\chrome.exe
Build info: version: '3.141.59', revision: 'e82be7d358', time: '2018-11-14T08:25:53'
System info: host: 'DESKTOP-K2D5D06', ip: '192.168.1.5', os.name: 'Windows 10', os.arch: 'amd64', os.version: '10.0', java.version: '1.8.0_311'
Driver info: driver.version: ChromeDriver
remote stacktrace: GetHandleVerifier [0x00007FF6822A2142+3514994]
(No symbol) [0x00007FF681EC0CE2]
(No symbol) [0x00007FF681D676AA]
(No symbol) [0x00007FF681DA17E2]
(No symbol) [0x00007FF681DA0ADD]
(No symbol) [0x00007FF681D9B9DF]
(No symbol) [0x00007FF681D97F52]
(No symbol) [0x00007FF681DE0AB4]
(No symbol) [0x00007FF681DD5D93]
(No symbol) [0x00007FF681DA4BDC]
(No symbol) [0x00007FF681DA5C64]
GetHandleVerifier [0x00007FF6822CE16B+3695259]
GetHandleVerifier [0x00007FF682326737+4057191]
GetHandleVerifier [0x00007FF68231E4E3+4023827]
GetHandleVerifier [0x00007FF681FF04F9+689705]
(No symbol) [0x00007FF681ECC048]
(No symbol) [0x00007FF681EC8044]
(No symbol) [0x00007FF681EC81C9]
(No symbol) [0x00007FF681EB88C4]
BaseThreadInitThunk [0x00007FFE80A02D92+34]
RtlUserThreadStart [0x00007FFE815B9F64+52]
]]>
            </message>
            <full-stacktrace>
              <![CDATA[org.openqa.selenium.SessionNotCreatedException: session not created: This version of ChromeDriver only supports Chrome version 120
Current browser version is 122.0.6261.70 with binary path C:\Program Files (x86)\Google\Chrome\Application\chrome.exe
Build info: version: '3.141.59', revision: 'e82be7d358', time: '2018-11-14T08:25:53'
System info: host: 'DESKTOP-K2D5D06', ip: '192.168.1.5', os.name: 'Windows 10', os.arch: 'amd64', os.version: '10.0', java.version: '1.8.0_311'
Driver info: driver.version: ChromeDriver
remote stacktrace: GetHandleVerifier [0x00007FF6822A2142+3514994]
(No symbol) [0x00007FF681EC0CE2]
(No symbol) [0x00007FF681D676AA]
(No symbol) [0x00007FF681DA17E2]
(No symbol) [0x00007FF681DA0ADD]
(No symbol) [0x00007FF681D9B9DF]
(No symbol) [0x00007FF681D97F52]
(No symbol) [0x00007FF681DE0AB4]
(No symbol) [0x00007FF681DD5D93]
(No symbol) [0x00007FF681DA4BDC]
(No symbol) [0x00007FF681DA5C64]
GetHandleVerifier [0x00007FF6822CE16B+3695259]
GetHandleVerifier [0x00007FF682326737+4057191]
GetHandleVerifier [0x00007FF68231E4E3+4023827]
GetHandleVerifier [0x00007FF681FF04F9+689705]
(No symbol) [0x00007FF681ECC048]
(No symbol) [0x00007FF681EC8044]
(No symbol) [0x00007FF681EC81C9]
(No symbol) [0x00007FF681EB88C4]
BaseThreadInitThunk [0x00007FFE80A02D92+34]
RtlUserThreadStart [0x00007FFE815B9F64+52]

at sun.reflect.NativeConstructorAccessorImpl.newInstance0(Native Method)
at sun.reflect.NativeConstructorAccessorImpl.newInstance(Unknown Source)
at sun.reflect.DelegatingConstructorAccessorImpl.newInstance(Unknown Source)
at java.lang.reflect.Constructor.newInstance(Unknown Source)
at org.openqa.selenium.remote.W3CHandshakeResponse.lambda$errorHandler$0(W3CHandshakeResponse.java:62)
at org.openqa.selenium.remote.HandshakeResponse.lambda$getResponseFunction$0(HandshakeResponse.java:30)
at org.openqa.selenium.remote.ProtocolHandshake.lambda$createSession$0(ProtocolHandshake.java:126)
at java.util.stream.ReferencePipeline$3$1.accept(Unknown Source)
at java.util.Spliterators$ArraySpliterator.tryAdvance(Unknown Source)
at java.util.stream.ReferencePipeline.forEachWithCancel(Unknown Source)
at java.util.stream.AbstractPipeline.copyIntoWithCancel(Unknown Source)
at java.util.stream.AbstractPipeline.copyInto(Unknown Source)
at java.util.stream.AbstractPipeline.wrapAndCopyInto(Unknown Source)
at java.util.stream.FindOps$FindOp.evaluateSequential(Unknown Source)
at java.util.stream.AbstractPipeline.evaluate(Unknown Source)
at java.util.stream.ReferencePipeline.findFirst(Unknown Source)
at org.openqa.selenium.remote.ProtocolHandshake.createSession(ProtocolHandshake.java:128)
at org.openqa.selenium.remote.ProtocolHandshake.createSession(ProtocolHandshake.java:74)
at org.openqa.selenium.remote.HttpCommandExecutor.execute(HttpCommandExecutor.java:136)
at org.openqa.selenium.remote.service.DriverCommandExecutor.execute(DriverCommandExecutor.java:83)
at org.openqa.selenium.remote.RemoteWebDriver.execute(RemoteWebDriver.java:552)
at org.openqa.selenium.remote.RemoteWebDriver.startSession(RemoteWebDriver.java:213)
at org.openqa.selenium.remote.RemoteWebDriver.<init>(RemoteWebDriver.java:131)
at org.openqa.selenium.chrome.ChromeDriver.<init>(ChromeDriver.java:181)
at org.openqa.selenium.chrome.ChromeDriver.<init>(ChromeDriver.java:168)
at org.openqa.selenium.chrome.ChromeDriver.<init>(ChromeDriver.java:123)
at Generic_FM_ANNOTATIONS.Baseclass.Openapp(Baseclass.java:14)
at sun.reflect.NativeMethodAccessorImpl.invoke0(Native Method)
at sun.reflect.NativeMethodAccessorImpl.invoke(Unknown Source)
at sun.reflect.DelegatingMethodAccessorImpl.invoke(Unknown Source)
at java.lang.reflect.Method.invoke(Unknown Source)
at org.testng.internal.MethodInvocationHelper.invokeMethod(MethodInvocationHelper.java:124)
at org.testng.internal.MethodInvocationHelper.invokeMethodConsideringTimeout(MethodInvocationHelper.java:59)
at org.testng.internal.Invoker.invokeConfigurationMethod(Invoker.java:458)
at org.testng.internal.Invoker.invokeConfigurations(Invoker.java:222)
at org.testng.internal.Invoker.invokeMethod(Invoker.java:523)
at org.testng.internal.Invoker.invokeTestMethod(Invoker.java:719)
at org.testng.internal.Invoker.invokeTestMethods(Invoker.java:989)
at org.testng.internal.TestMethodWorker.invokeTestMethods(TestMethodWorker.java:125)
at org.testng.internal.TestMethodWorker.run(TestMethodWorker.java:109)
at org.testng.TestRunner.privateRun(TestRunner.java:648)
at org.testng.TestRunner.run(TestRunner.java:505)
at org.testng.SuiteRunner.runTest(SuiteRunner.java:455)
at org.testng.SuiteRunner.runSequentially(SuiteRunner.java:450)
at org.testng.SuiteRunner.privateRun(SuiteRunner.java:415)
at org.testng.SuiteRunner.run(SuiteRunner.java:364)
at org.testng.SuiteRunnerWorker.runSuite(SuiteRunnerWorker.java:52)
at org.testng.SuiteRunnerWorker.run(SuiteRunnerWorker.java:84)
at org.testng.TestNG.runSuitesSequentially(TestNG.java:1208)
at org.testng.TestNG.runSuitesLocally(TestNG.java:1137)
at org.testng.TestNG.runSuites(TestNG.java:1049)
at org.testng.TestNG.run(TestNG.java:1017)
at org.testng.remote.AbstractRemoteTestNG.run(AbstractRemoteTestNG.java:114)
at org.testng.remote.RemoteTestNG.initAndRun(RemoteTestNG.java:251)
at org.testng.remote.RemoteTestNG.main(RemoteTestNG.java:77)
]]>
            </full-stacktrace>
          </exception> <!-- org.openqa.selenium.SessionNotCreatedException -->
          <reporter-output>
          </reporter-output>
        </test-method> <!-- login -->
        <test-method status="SKIP" signature="closeapp()[pri:0, instance:Runner_FM.RUNNER_LOGIN@271053e1]" name="closeapp" is-config="true" duration-ms="0" started-at="2024-03-08T13:24:28Z" finished-at="2024-03-08T13:24:28Z">
          <reporter-output>
          </reporter-output>
        </test-method> <!-- closeapp -->
        <test-method status="SKIP" signature="Openapp()[pri:0, instance:Runner_FM.RUNNER_LOGIN@271053e1]" name="Openapp" is-config="true" duration-ms="0" started-at="2024-03-08T13:24:28Z" finished-at="2024-03-08T13:24:28Z">
          <reporter-output>
          </reporter-output>
        </test-method> <!-- Openapp -->
        <test-method status="SKIP" signature="login(java.lang.String, java.lang.String)[pri:0, instance:Runner_FM.RUNNER_LOGIN@271053e1]" name="login" duration-ms="0" started-at="2024-03-08T13:24:28Z" data-provider="test1" finished-at="2024-03-08T13:24:28Z">
          <exception class="org.openqa.selenium.SessionNotCreatedException">
            <message>
              <![CDATA[session not created: This version of ChromeDriver only supports Chrome version 120
Current browser version is 122.0.6261.70 with binary path C:\Program Files (x86)\Google\Chrome\Application\chrome.exe
Build info: version: '3.141.59', revision: 'e82be7d358', time: '2018-11-14T08:25:53'
System info: host: 'DESKTOP-K2D5D06', ip: '192.168.1.5', os.name: 'Windows 10', os.arch: 'amd64', os.version: '10.0', java.version: '1.8.0_311'
Driver info: driver.version: ChromeDriver
remote stacktrace: GetHandleVerifier [0x00007FF6822A2142+3514994]
(No symbol) [0x00007FF681EC0CE2]
(No symbol) [0x00007FF681D676AA]
(No symbol) [0x00007FF681DA17E2]
(No symbol) [0x00007FF681DA0ADD]
(No symbol) [0x00007FF681D9B9DF]
(No symbol) [0x00007FF681D97F52]
(No symbol) [0x00007FF681DE0AB4]
(No symbol) [0x00007FF681DD5D93]
(No symbol) [0x00007FF681DA4BDC]
(No symbol) [0x00007FF681DA5C64]
GetHandleVerifier [0x00007FF6822CE16B+3695259]
GetHandleVerifier [0x00007FF682326737+4057191]
GetHandleVerifier [0x00007FF68231E4E3+4023827]
GetHandleVerifier [0x00007FF681FF04F9+689705]
(No symbol) [0x00007FF681ECC048]
(No symbol) [0x00007FF681EC8044]
(No symbol) [0x00007FF681EC81C9]
(No symbol) [0x00007FF681EB88C4]
BaseThreadInitThunk [0x00007FFE80A02D92+34]
RtlUserThreadStart [0x00007FFE815B9F64+52]
]]>
            </message>
            <full-stacktrace>
              <![CDATA[org.openqa.selenium.SessionNotCreatedException: session not created: This version of ChromeDriver only supports Chrome version 120
Current browser version is 122.0.6261.70 with binary path C:\Program Files (x86)\Google\Chrome\Application\chrome.exe
Build info: version: '3.141.59', revision: 'e82be7d358', time: '2018-11-14T08:25:53'
System info: host: 'DESKTOP-K2D5D06', ip: '192.168.1.5', os.name: 'Windows 10', os.arch: 'amd64', os.version: '10.0', java.version: '1.8.0_311'
Driver info: driver.version: ChromeDriver
remote stacktrace: GetHandleVerifier [0x00007FF6822A2142+3514994]
(No symbol) [0x00007FF681EC0CE2]
(No symbol) [0x00007FF681D676AA]
(No symbol) [0x00007FF681DA17E2]
(No symbol) [0x00007FF681DA0ADD]
(No symbol) [0x00007FF681D9B9DF]
(No symbol) [0x00007FF681D97F52]
(No symbol) [0x00007FF681DE0AB4]
(No symbol) [0x00007FF681DD5D93]
(No symbol) [0x00007FF681DA4BDC]
(No symbol) [0x00007FF681DA5C64]
GetHandleVerifier [0x00007FF6822CE16B+3695259]
GetHandleVerifier [0x00007FF682326737+4057191]
GetHandleVerifier [0x00007FF68231E4E3+4023827]
GetHandleVerifier [0x00007FF681FF04F9+689705]
(No symbol) [0x00007FF681ECC048]
(No symbol) [0x00007FF681EC8044]
(No symbol) [0x00007FF681EC81C9]
(No symbol) [0x00007FF681EB88C4]
BaseThreadInitThunk [0x00007FFE80A02D92+34]
RtlUserThreadStart [0x00007FFE815B9F64+52]

at sun.reflect.NativeConstructorAccessorImpl.newInstance0(Native Method)
at sun.reflect.NativeConstructorAccessorImpl.newInstance(Unknown Source)
at sun.reflect.DelegatingConstructorAccessorImpl.newInstance(Unknown Source)
at java.lang.reflect.Constructor.newInstance(Unknown Source)
at org.openqa.selenium.remote.W3CHandshakeResponse.lambda$errorHandler$0(W3CHandshakeResponse.java:62)
at org.openqa.selenium.remote.HandshakeResponse.lambda$getResponseFunction$0(HandshakeResponse.java:30)
at org.openqa.selenium.remote.ProtocolHandshake.lambda$createSession$0(ProtocolHandshake.java:126)
at java.util.stream.ReferencePipeline$3$1.accept(Unknown Source)
at java.util.Spliterators$ArraySpliterator.tryAdvance(Unknown Source)
at java.util.stream.ReferencePipeline.forEachWithCancel(Unknown Source)
at java.util.stream.AbstractPipeline.copyIntoWithCancel(Unknown Source)
at java.util.stream.AbstractPipeline.copyInto(Unknown Source)
at java.util.stream.AbstractPipeline.wrapAndCopyInto(Unknown Source)
at java.util.stream.FindOps$FindOp.evaluateSequential(Unknown Source)
at java.util.stream.AbstractPipeline.evaluate(Unknown Source)
at java.util.stream.ReferencePipeline.findFirst(Unknown Source)
at org.openqa.selenium.remote.ProtocolHandshake.createSession(ProtocolHandshake.java:128)
at org.openqa.selenium.remote.ProtocolHandshake.createSession(ProtocolHandshake.java:74)
at org.openqa.selenium.remote.HttpCommandExecutor.execute(HttpCommandExecutor.java:136)
at org.openqa.selenium.remote.service.DriverCommandExecutor.execute(DriverCommandExecutor.java:83)
at org.openqa.selenium.remote.RemoteWebDriver.execute(RemoteWebDriver.java:552)
at org.openqa.selenium.remote.RemoteWebDriver.startSession(RemoteWebDriver.java:213)
at org.openqa.selenium.remote.RemoteWebDriver.<init>(RemoteWebDriver.java:131)
at org.openqa.selenium.chrome.ChromeDriver.<init>(ChromeDriver.java:181)
at org.openqa.selenium.chrome.ChromeDriver.<init>(ChromeDriver.java:168)
at org.openqa.selenium.chrome.ChromeDriver.<init>(ChromeDriver.java:123)
at Generic_FM_ANNOTATIONS.Baseclass.Openapp(Baseclass.java:14)
at sun.reflect.NativeMethodAccessorImpl.invoke0(Native Method)
at sun.reflect.NativeMethodAccessorImpl.invoke(Unknown Source)
at sun.reflect.DelegatingMethodAccessorImpl.invoke(Unknown Source)
at java.lang.reflect.Method.invoke(Unknown Source)
at org.testng.internal.MethodInvocationHelper.invokeMethod(MethodInvocationHelper.java:124)
at org.testng.internal.MethodInvocationHelper.invokeMethodConsideringTimeout(MethodInvocationHelper.java:59)
at org.testng.internal.Invoker.invokeConfigurationMethod(Invoker.java:458)
at org.testng.internal.Invoker.invokeConfigurations(Invoker.java:222)
at org.testng.internal.Invoker.invokeMethod(Invoker.java:523)
at org.testng.internal.Invoker.invokeTestMethod(Invoker.java:719)
at org.testng.internal.Invoker.invokeTestMethods(Invoker.java:989)
at org.testng.internal.TestMethodWorker.invokeTestMethods(TestMethodWorker.java:125)
at org.testng.internal.TestMethodWorker.run(TestMethodWorker.java:109)
at org.testng.TestRunner.privateRun(TestRunner.java:648)
at org.testng.TestRunner.run(TestRunner.java:505)
at org.testng.SuiteRunner.runTest(SuiteRunner.java:455)
at org.testng.SuiteRunner.runSequentially(SuiteRunner.java:450)
at org.testng.SuiteRunner.privateRun(SuiteRunner.java:415)
at org.testng.SuiteRunner.run(SuiteRunner.java:364)
at org.testng.SuiteRunnerWorker.runSuite(SuiteRunnerWorker.java:52)
at org.testng.SuiteRunnerWorker.run(SuiteRunnerWorker.java:84)
at org.testng.TestNG.runSuitesSequentially(TestNG.java:1208)
at org.testng.TestNG.runSuitesLocally(TestNG.java:1137)
at org.testng.TestNG.runSuites(TestNG.java:1049)
at org.testng.TestNG.run(TestNG.java:1017)
at org.testng.remote.AbstractRemoteTestNG.run(AbstractRemoteTestNG.java:114)
at org.testng.remote.RemoteTestNG.initAndRun(RemoteTestNG.java:251)
at org.testng.remote.RemoteTestNG.main(RemoteTestNG.java:77)
]]>
            </full-stacktrace>
          </exception> <!-- org.openqa.selenium.SessionNotCreatedException -->
          <reporter-output>
          </reporter-output>
        </test-method> <!-- login -->
        <test-method status="SKIP" signature="closeapp()[pri:0, instance:Runner_FM.RUNNER_LOGIN@271053e1]" name="closeapp" is-config="true" duration-ms="0" started-at="2024-03-08T13:24:28Z" finished-at="2024-03-08T13:24:28Z">
          <reporter-output>
          </reporter-output>
        </test-method> <!-- closeapp -->
      </class> <!-- Runner_FM.RUNNER_LOGIN -->
    </test> <!-- Default test -->
  </suite> <!-- Default suite -->
</testng-results>
