<?xml version="1.0" encoding="UTF-8"?>
<!-- Generated by org.testng.reporters.JUnitReportReporter -->
<testsuite skipped="2" hostname="DESKTOP-K2D5D06" name="Runner_FM.RUNNER_LOGIN" tests="3" failures="0" timestamp="08 Mar 2024 13:24:28 GMT" time="6.819" errors="1">
  <testcase name="login" time="0.000" classname="Runner_FM.RUNNER_LOGIN">
    <skipped/>
  </testcase> <!-- login -->
  <testcase name="Openapp" time="6.819" classname="Runner_FM.RUNNER_LOGIN">
    <error type="org.openqa.selenium.SessionNotCreatedException" message="session not created: This version of ChromeDriver only supports Chrome version 120
Current browser version is 122.0.6261.70 with binary path C:\Program Files (x86)\Google\Chrome\Application\chrome.exe
Build info: version: &#039;3.141.59&#039;, revision: &#039;e82be7d358&#039;, time: &#039;2018-11-14T08:25:53&#039;
System info: host: &#039;DESKTOP-K2D5D06&#039;, ip: &#039;192.168.1.5&#039;, os.name: &#039;Windows 10&#039;, os.arch: &#039;amd64&#039;, os.version: &#039;10.0&#039;, java.version: &#039;1.8.0_311&#039;
Driver info: driver.version: ChromeDriver
remote stacktrace: 	GetHandleVerifier [0x00007FF6822A2142+3514994]
	(No symbol) [0x00007FF681EC0CE2]
	(No symbol) [0x00007FF681D676AA]
	(No symbol) [0x00007FF681DA17E2]
	(No symbol) [0x00007FF681DA0ADD]
	(No symbol) [0x00007FF681D9B9DF]
	(No symbol) [0x00007FF681D97F52]
	(No symbol) [0x00007FF681DE0AB4]
	(No symbol) [0x00007FF681DD5D93]
	(No symbol) [0x00007FF681DA4BDC]
	(No symbol) [0x00007FF681DA5C64]
	GetHandleVerifier [0x00007FF6822CE16B+3695259]
	GetHandleVerifier [0x00007FF682326737+4057191]
	GetHandleVerifier [0x00007FF68231E4E3+4023827]
	GetHandleVerifier [0x00007FF681FF04F9+689705]
	(No symbol) [0x00007FF681ECC048]
	(No symbol) [0x00007FF681EC8044]
	(No symbol) [0x00007FF681EC81C9]
	(No symbol) [0x00007FF681EB88C4]
	BaseThreadInitThunk [0x00007FFE80A02D92+34]
	RtlUserThreadStart [0x00007FFE815B9F64+52]
">
      <![CDATA[org.openqa.selenium.SessionNotCreatedException: session not created: This version of ChromeDriver only supports Chrome version 120
Current browser version is 122.0.6261.70 with binary path C:\Program Files (x86)\Google\Chrome\Application\chrome.exe
Build info: version: '3.141.59', revision: 'e82be7d358', time: '2018-11-14T08:25:53'
System info: host: 'DESKTOP-K2D5D06', ip: '192.168.1.5', os.name: 'Windows 10', os.arch: 'amd64', os.version: '10.0', java.version: '1.8.0_311'
Driver info: driver.version: ChromeDriver
remote stacktrace: GetHandleVerifier [0x00007FF6822A2142+3514994]
(No symbol) [0x00007FF681EC0CE2]
(No symbol) [0x00007FF681D676AA]
(No symbol) [0x00007FF681DA17E2]
(No symbol) [0x00007FF681DA0ADD]
(No symbol) [0x00007FF681D9B9DF]
(No symbol) [0x00007FF681D97F52]
(No symbol) [0x00007FF681DE0AB4]
(No symbol) [0x00007FF681DD5D93]
(No symbol) [0x00007FF681DA4BDC]
(No symbol) [0x00007FF681DA5C64]
GetHandleVerifier [0x00007FF6822CE16B+3695259]
GetHandleVerifier [0x00007FF682326737+4057191]
GetHandleVerifier [0x00007FF68231E4E3+4023827]
GetHandleVerifier [0x00007FF681FF04F9+689705]
(No symbol) [0x00007FF681ECC048]
(No symbol) [0x00007FF681EC8044]
(No symbol) [0x00007FF681EC81C9]
(No symbol) [0x00007FF681EB88C4]
BaseThreadInitThunk [0x00007FFE80A02D92+34]
RtlUserThreadStart [0x00007FFE815B9F64+52]

at sun.reflect.NativeConstructorAccessorImpl.newInstance0(Native Method)
at sun.reflect.NativeConstructorAccessorImpl.newInstance(Unknown Source)
at sun.reflect.DelegatingConstructorAccessorImpl.newInstance(Unknown Source)
at java.lang.reflect.Constructor.newInstance(Unknown Source)
at org.openqa.selenium.remote.W3CHandshakeResponse.lambda$errorHandler$0(W3CHandshakeResponse.java:62)
at org.openqa.selenium.remote.HandshakeResponse.lambda$getResponseFunction$0(HandshakeResponse.java:30)
at org.openqa.selenium.remote.ProtocolHandshake.lambda$createSession$0(ProtocolHandshake.java:126)
at java.util.stream.ReferencePipeline$3$1.accept(Unknown Source)
at java.util.Spliterators$ArraySpliterator.tryAdvance(Unknown Source)
at java.util.stream.ReferencePipeline.forEachWithCancel(Unknown Source)
at java.util.stream.AbstractPipeline.copyIntoWithCancel(Unknown Source)
at java.util.stream.AbstractPipeline.copyInto(Unknown Source)
at java.util.stream.AbstractPipeline.wrapAndCopyInto(Unknown Source)
at java.util.stream.FindOps$FindOp.evaluateSequential(Unknown Source)
at java.util.stream.AbstractPipeline.evaluate(Unknown Source)
at java.util.stream.ReferencePipeline.findFirst(Unknown Source)
at org.openqa.selenium.remote.ProtocolHandshake.createSession(ProtocolHandshake.java:128)
at org.openqa.selenium.remote.ProtocolHandshake.createSession(ProtocolHandshake.java:74)
at org.openqa.selenium.remote.HttpCommandExecutor.execute(HttpCommandExecutor.java:136)
at org.openqa.selenium.remote.service.DriverCommandExecutor.execute(DriverCommandExecutor.java:83)
at org.openqa.selenium.remote.RemoteWebDriver.execute(RemoteWebDriver.java:552)
at org.openqa.selenium.remote.RemoteWebDriver.startSession(RemoteWebDriver.java:213)
at org.openqa.selenium.remote.RemoteWebDriver.<init>(RemoteWebDriver.java:131)
at org.openqa.selenium.chrome.ChromeDriver.<init>(ChromeDriver.java:181)
at org.openqa.selenium.chrome.ChromeDriver.<init>(ChromeDriver.java:168)
at org.openqa.selenium.chrome.ChromeDriver.<init>(ChromeDriver.java:123)
at Generic_FM_ANNOTATIONS.Baseclass.Openapp(Baseclass.java:14)
at sun.reflect.NativeMethodAccessorImpl.invoke0(Native Method)
at sun.reflect.NativeMethodAccessorImpl.invoke(Unknown Source)
at sun.reflect.DelegatingMethodAccessorImpl.invoke(Unknown Source)
at java.lang.reflect.Method.invoke(Unknown Source)
at org.testng.internal.MethodInvocationHelper.invokeMethod(MethodInvocationHelper.java:124)
at org.testng.internal.MethodInvocationHelper.invokeMethodConsideringTimeout(MethodInvocationHelper.java:59)
at org.testng.internal.Invoker.invokeConfigurationMethod(Invoker.java:458)
at org.testng.internal.Invoker.invokeConfigurations(Invoker.java:222)
at org.testng.internal.Invoker.invokeMethod(Invoker.java:523)
at org.testng.internal.Invoker.invokeTestMethod(Invoker.java:719)
at org.testng.internal.Invoker.invokeTestMethods(Invoker.java:989)
at org.testng.internal.TestMethodWorker.invokeTestMethods(TestMethodWorker.java:125)
at org.testng.internal.TestMethodWorker.run(TestMethodWorker.java:109)
at org.testng.TestRunner.privateRun(TestRunner.java:648)
at org.testng.TestRunner.run(TestRunner.java:505)
at org.testng.SuiteRunner.runTest(SuiteRunner.java:455)
at org.testng.SuiteRunner.runSequentially(SuiteRunner.java:450)
at org.testng.SuiteRunner.privateRun(SuiteRunner.java:415)
at org.testng.SuiteRunner.run(SuiteRunner.java:364)
at org.testng.SuiteRunnerWorker.runSuite(SuiteRunnerWorker.java:52)
at org.testng.SuiteRunnerWorker.run(SuiteRunnerWorker.java:84)
at org.testng.TestNG.runSuitesSequentially(TestNG.java:1208)
at org.testng.TestNG.runSuitesLocally(TestNG.java:1137)
at org.testng.TestNG.runSuites(TestNG.java:1049)
at org.testng.TestNG.run(TestNG.java:1017)
at org.testng.remote.AbstractRemoteTestNG.run(AbstractRemoteTestNG.java:114)
at org.testng.remote.RemoteTestNG.initAndRun(RemoteTestNG.java:251)
at org.testng.remote.RemoteTestNG.main(RemoteTestNG.java:77)
]]>
    </error>
  </testcase> <!-- Openapp -->
  <testcase name="login" time="0.000" classname="Runner_FM.RUNNER_LOGIN">
    <skipped/>
  </testcase> <!-- login -->
</testsuite> <!-- Runner_FM.RUNNER_LOGIN -->
